<?xml version="1.0" encoding="UTF-8"?>
<!-- Generated by org.testng.reporters.JUnitReportReporter -->
<testsuite hostname="DESKTOP-4VT63TV" failures="0" tests="3" name="TestNGFramework.Para" time="25.271" errors="0" timestamp="2023-06-05T12:34:03 IST" skipped="0">
  <testcase classname="TestNGFramework.Para" name="Search" time="9.219"/>
  <system-out>
    <![CDATA[The test case is executed]]>
  </system-out>
  <testcase classname="TestNGFramework.Para" name="Search" time="7.927"/>
  <system-out>
    <![CDATA[The test case is executed]]>
  </system-out>
  <testcase classname="TestNGFramework.Para" name="Search" time="8.125"/>
  <system-out>
    <![CDATA[The test case is executed]]>
  </system-out>
</testsuite> <!-- TestNGFramework.Para -->
