<?xml version="1.0" encoding="UTF-8"?>
<!-- Generated by org.testng.reporters.JUnitReportReporter -->
<testsuite hostname="DESKTOP-4VT63TV" failures="0" tests="5" name="TestNGFramework.SampleTest" time="0.020" errors="0" timestamp="2023-06-06T14:41:38 IST" skipped="1">
  <testcase classname="TestNGFramework.SampleTest" name="TC3" time="0.008">
    <skipped/>
  </testcase> <!-- TC3 -->
  <system-out/>
  <testcase classname="TestNGFramework.SampleTest" name="TC1" time="0.002"/>
  <system-out/>
  <testcase classname="TestNGFramework.SampleTest" name="TC1" time="0.002"/>
  <system-out/>
  <testcase classname="TestNGFramework.SampleTest" name="TC2" time="0.003"/>
  <system-out/>
  <testcase classname="TestNGFramework.SampleTest" name="TC1" time="0.005"/>
  <system-out/>
</testsuite> <!-- TestNGFramework.SampleTest -->
